build/app/intermediates/manifest_merge_blame_file/debug/manifest-merger-blame-debug-report.txt
1<?xml version="1.0" encoding="utf-8"?>
2<manifest xmlns:android="http://schemas.android.com/apk/res/android"
3    package="com.caleb.will.pi_gerente"
4    android:versionCode="1"
5    android:versionName="1.0.0" >
6
7    <uses-sdk
8        android:minSdkVersion="21"
9        android:targetSdkVersion="28" />
10    <!--
11         Flutter needs it to communicate with the running application
12         to allow setting breakpoints, to provide hot reload, etc.
13    -->
14    <uses-permission android:name="android.permission.INTERNET" />
14-->src/debug/AndroidManifest.xml:6:5-66
14-->src/debug/AndroidManifest.xml:6:22-64
15    <!--
16     io.flutter.app.FlutterApplication is an android.app.Application that
17         calls FlutterMain.startInitialization(this); in its onCreate method.
18         In most cases you can leave this as-is, but you if you want to provide
19         additional functionality it is fine to subclass or reimplement
20         FlutterApplication and put your custom class here.
21    -->
22    <uses-permission android:name="android.permission.CAMERA" />
22-->src/main/AndroidManifest.xml:8:5-65
22-->src/main/AndroidManifest.xml:8:22-62
23    <uses-permission android:name="android.permission.READ_EXTERNAL_STORAGE" />
23-->[:image_picker] AndroidManifest.xml:7:5-80
23-->[:image_picker] AndroidManifest.xml:7:22-77
24    <uses-permission android:name="android.permission.WRITE_EXTERNAL_STORAGE" />
24-->[:image_picker] AndroidManifest.xml:8:5-81
24-->[:image_picker] AndroidManifest.xml:8:22-78
25    <uses-permission android:name="android.permission.ACCESS_NETWORK_STATE" />
25-->[com.google.android.gms:play-services-measurement:17.2.2] AndroidManifest.xml:24:5-79
25-->[com.google.android.gms:play-services-measurement:17.2.2] AndroidManifest.xml:24:22-76
26    <uses-permission android:name="android.permission.WAKE_LOCK" />
26-->[com.google.android.gms:play-services-measurement:17.2.2] AndroidManifest.xml:25:5-68
26-->[com.google.android.gms:play-services-measurement:17.2.2] AndroidManifest.xml:25:22-65
27    <uses-permission android:name="com.google.android.finsky.permission.BIND_GET_INSTALL_REFERRER_SERVICE" /> <!-- Required by older versions of Google Play services to create IID tokens -->
27-->[com.google.android.gms:play-services-measurement:17.2.2] AndroidManifest.xml:26:5-110
27-->[com.google.android.gms:play-services-measurement:17.2.2] AndroidManifest.xml:26:22-107
28    <uses-permission android:name="com.google.android.c2dm.permission.RECEIVE" />
28-->[com.google.firebase:firebase-iid:20.0.2] AndroidManifest.xml:26:5-82
28-->[com.google.firebase:firebase-iid:20.0.2] AndroidManifest.xml:26:22-79
29
30    <application
30-->src/main/AndroidManifest.xml:9:5-34:19
31        android:name="io.flutter.app.FlutterApplication"
31-->src/main/AndroidManifest.xml:10:9-57
32        android:appComponentFactory="androidx.core.app.CoreComponentFactory"
32-->[androidx.core:core:1.1.0] AndroidManifest.xml:24:18-86
33        android:debuggable="true"
34        android:icon="@mipmap/ic_launcher"
34-->src/main/AndroidManifest.xml:12:9-43
35        android:label="pi_gerente" >
35-->src/main/AndroidManifest.xml:11:9-35
36        <activity
36-->src/main/AndroidManifest.xml:13:9-24:20
37            android:name="com.caleb.will.pi_gerente.MainActivity"
37-->src/main/AndroidManifest.xml:14:13-41
38            android:configChanges="orientation|keyboardHidden|keyboard|screenSize|smallestScreenSize|locale|layoutDirection|fontScale|screenLayout|density|uiMode"
38-->src/main/AndroidManifest.xml:17:13-163
39            android:hardwareAccelerated="true"
39-->src/main/AndroidManifest.xml:18:13-47
40            android:launchMode="singleTop"
40-->src/main/AndroidManifest.xml:15:13-43
41            android:theme="@style/LaunchTheme"
41-->src/main/AndroidManifest.xml:16:13-47
42            android:windowSoftInputMode="adjustResize" >
42-->src/main/AndroidManifest.xml:19:13-55
43            <intent-filter>
43-->src/main/AndroidManifest.xml:20:13-23:29
44                <action android:name="android.intent.action.MAIN" />
44-->src/main/AndroidManifest.xml:21:17-68
44-->src/main/AndroidManifest.xml:21:25-66
45
46                <category android:name="android.intent.category.LAUNCHER" />
46-->src/main/AndroidManifest.xml:22:17-76
46-->src/main/AndroidManifest.xml:22:27-74
47            </intent-filter>
48        </activity>
49        <!--
50             Don't delete the meta-data below.
51             This is used by the Flutter tool to generate GeneratedPluginRegistrant.java
52        -->
53        <meta-data
53-->src/main/AndroidManifest.xml:27:9-29:33
54            android:name="flutterEmbedding"
54-->src/main/AndroidManifest.xml:28:13-44
55            android:value="2" />
55-->src/main/AndroidManifest.xml:29:13-30
56        <meta-data
56-->src/main/AndroidManifest.xml:30:9-32:35
57            android:name="com.google.firebase.ml.vision.DEPENDENCIES"
57-->src/main/AndroidManifest.xml:31:13-70
58            android:value="ocr" />
58-->src/main/AndroidManifest.xml:32:13-32
59        <!-- To use multiple models: android:value="ocr,model2,model3" -->
60        <service
60-->[:firebase_auth] AndroidManifest.xml:8:9-12:19
61            android:name="com.google.firebase.components.ComponentDiscoveryService"
61-->[:firebase_auth] AndroidManifest.xml:8:18-89
62            android:directBootAware="true"
62-->[com.google.firebase:firebase-common:19.3.0] AndroidManifest.xml:34:13-43
63            android:exported="false" >
63-->[com.google.firebase:firebase-auth:19.2.0] AndroidManifest.xml:35:13-37
64            <meta-data
64-->[:firebase_auth] AndroidManifest.xml:9:13-11:85
65                android:name="com.google.firebase.components:io.flutter.plugins.firebaseauth.FlutterFirebaseAppRegistrar"
65-->[:firebase_auth] AndroidManifest.xml:10:17-122
66                android:value="com.google.firebase.components.ComponentRegistrar" />
66-->[:firebase_auth] AndroidManifest.xml:11:17-82
67            <meta-data
67-->[:cloud_firestore] AndroidManifest.xml:9:13-11:85
68                android:name="com.google.firebase.components:io.flutter.plugins.firebase.cloudfirestore.FlutterFirebaseAppRegistrar"
68-->[:cloud_firestore] AndroidManifest.xml:10:17-133
69                android:value="com.google.firebase.components.ComponentRegistrar" />
69-->[:cloud_firestore] AndroidManifest.xml:11:17-82
70            <meta-data
70-->[:firebase_database] AndroidManifest.xml:9:13-11:85
71                android:name="com.google.firebase.components:io.flutter.plugins.firebase.database.FlutterFirebaseAppRegistrar"
71-->[:firebase_database] AndroidManifest.xml:10:17-127
72                android:value="com.google.firebase.components.ComponentRegistrar" />
72-->[:firebase_database] AndroidManifest.xml:11:17-82
73            <meta-data
73-->[:firebase_core] AndroidManifest.xml:9:13-11:85
74                android:name="com.google.firebase.components:io.flutter.plugins.firebase.core.FlutterFirebaseAppRegistrar"
74-->[:firebase_core] AndroidManifest.xml:10:17-123
75                android:value="com.google.firebase.components.ComponentRegistrar" />
75-->[:firebase_core] AndroidManifest.xml:11:17-82
76            <meta-data
76-->[:firebase_ml_vision] AndroidManifest.xml:9:13-11:85
77                android:name="com.google.firebase.components:io.flutter.plugins.firebasemlvision.FlutterFirebaseAppRegistrar"
77-->[:firebase_ml_vision] AndroidManifest.xml:10:17-126
78                android:value="com.google.firebase.components.ComponentRegistrar" />
78-->[:firebase_ml_vision] AndroidManifest.xml:11:17-82
79            <meta-data
79-->[com.google.firebase:firebase-auth:19.2.0] AndroidManifest.xml:36:13-38:85
80                android:name="com.google.firebase.components:com.google.firebase.auth.FirebaseAuthRegistrar"
80-->[com.google.firebase:firebase-auth:19.2.0] AndroidManifest.xml:37:17-109
81                android:value="com.google.firebase.components.ComponentRegistrar" />
81-->[com.google.firebase:firebase-auth:19.2.0] AndroidManifest.xml:38:17-82
82            <meta-data
82-->[com.google.android.gms:play-services-measurement-api:17.2.2] AndroidManifest.xml:30:13-32:85
83                android:name="com.google.firebase.components:com.google.firebase.analytics.connector.internal.AnalyticsConnectorRegistrar"
83-->[com.google.android.gms:play-services-measurement-api:17.2.2] AndroidManifest.xml:31:17-139
84                android:value="com.google.firebase.components.ComponentRegistrar" />
84-->[com.google.android.gms:play-services-measurement-api:17.2.2] AndroidManifest.xml:32:17-82
85            <meta-data
85-->[com.google.firebase:firebase-ml-natural-language:19.0.1] AndroidManifest.xml:12:13-14:85
86                android:name="com.google.firebase.components:com.google.firebase.ml.naturallanguage.NaturalLanguageRegistrar"
86-->[com.google.firebase:firebase-ml-natural-language:19.0.1] AndroidManifest.xml:13:17-126
87                android:value="com.google.firebase.components.ComponentRegistrar" />
87-->[com.google.firebase:firebase-ml-natural-language:19.0.1] AndroidManifest.xml:14:17-82
88            <meta-data
88-->[com.google.firebase:firebase-firestore:21.3.0] AndroidManifest.xml:20:13-22:85
89                android:name="com.google.firebase.components:com.google.firebase.firestore.FirestoreRegistrar"
89-->[com.google.firebase:firebase-firestore:21.3.0] AndroidManifest.xml:21:17-111
90                android:value="com.google.firebase.components.ComponentRegistrar" />
90-->[com.google.firebase:firebase-firestore:21.3.0] AndroidManifest.xml:22:17-82
91            <meta-data
91-->[com.google.firebase:firebase-database:17.0.0] AndroidManifest.xml:30:13-32:85
92                android:name="com.google.firebase.components:com.google.firebase.database.DatabaseRegistrar"
92-->[com.google.firebase:firebase-database:17.0.0] AndroidManifest.xml:31:17-109
93                android:value="com.google.firebase.components.ComponentRegistrar" />
93-->[com.google.firebase:firebase-database:17.0.0] AndroidManifest.xml:32:17-82
94            <meta-data
94-->[com.google.firebase:firebase-config:17.0.0] AndroidManifest.xml:9:13-11:85
95                android:name="com.google.firebase.components:com.google.firebase.remoteconfig.RemoteConfigRegistrar"
95-->[com.google.firebase:firebase-config:17.0.0] AndroidManifest.xml:10:17-117
96                android:value="com.google.firebase.components.ComponentRegistrar" />
96-->[com.google.firebase:firebase-config:17.0.0] AndroidManifest.xml:11:17-82
97            <meta-data
97-->[com.google.firebase:firebase-iid:20.0.2] AndroidManifest.xml:32:13-34:85
98                android:name="com.google.firebase.components:com.google.firebase.iid.Registrar"
98-->[com.google.firebase:firebase-iid:20.0.2] AndroidManifest.xml:33:17-96
99                android:value="com.google.firebase.components.ComponentRegistrar" />
99-->[com.google.firebase:firebase-iid:20.0.2] AndroidManifest.xml:34:17-82
100            <meta-data
100-->[com.google.firebase:firebase-abt:17.1.1] AndroidManifest.xml:9:13-11:85
101                android:name="com.google.firebase.components:com.google.firebase.abt.component.AbtRegistrar"
101-->[com.google.firebase:firebase-abt:17.1.1] AndroidManifest.xml:10:17-109
102                android:value="com.google.firebase.components.ComponentRegistrar" />
102-->[com.google.firebase:firebase-abt:17.1.1] AndroidManifest.xml:11:17-82
103        </service>
104
105        <provider
105-->[:image_picker] AndroidManifest.xml:11:9-19:20
106            android:name="io.flutter.plugins.imagepicker.ImagePickerFileProvider"
106-->[:image_picker] AndroidManifest.xml:12:13-82
107            android:authorities="com.caleb.will.pi_gerente.flutter.image_provider"
107-->[:image_picker] AndroidManifest.xml:13:13-74
108            android:exported="false"
108-->[:image_picker] AndroidManifest.xml:14:13-37
109            android:grantUriPermissions="true" >
109-->[:image_picker] AndroidManifest.xml:15:13-47
110            <meta-data
110-->[:image_picker] AndroidManifest.xml:16:13-18:75
111                android:name="android.support.FILE_PROVIDER_PATHS"
111-->[:image_picker] AndroidManifest.xml:17:17-67
112                android:resource="@xml/flutter_image_picker_file_paths" />
112-->[:image_picker] AndroidManifest.xml:18:17-72
113        </provider>
114
115        <activity android:name="de.mintware.barcode_scan.BarcodeScannerActivity" />
115-->[:barcode_scan] AndroidManifest.xml:10:9-84
115-->[:barcode_scan] AndroidManifest.xml:10:19-81
116        <activity
116-->[com.google.firebase:firebase-auth:19.2.0] AndroidManifest.xml:24:9-31:50
117            android:name="com.google.firebase.auth.internal.FederatedSignInActivity"
117-->[com.google.firebase:firebase-auth:19.2.0] AndroidManifest.xml:25:13-85
118            android:excludeFromRecents="true"
118-->[com.google.firebase:firebase-auth:19.2.0] AndroidManifest.xml:26:13-46
119            android:exported="true"
119-->[com.google.firebase:firebase-auth:19.2.0] AndroidManifest.xml:27:13-36
120            android:launchMode="singleTask"
120-->[com.google.firebase:firebase-auth:19.2.0] AndroidManifest.xml:28:13-44
121            android:permission="com.google.firebase.auth.api.gms.permission.LAUNCH_FEDERATED_SIGN_IN"
121-->[com.google.firebase:firebase-auth:19.2.0] AndroidManifest.xml:29:13-102
122            android:theme="@android:style/Theme.Translucent.NoTitleBar" />
122-->[com.google.firebase:firebase-auth:19.2.0] AndroidManifest.xml:30:13-72
123
124        <receiver
124-->[com.google.android.gms:play-services-measurement:17.2.2] AndroidManifest.xml:29:9-33:20
125            android:name="com.google.android.gms.measurement.AppMeasurementReceiver"
125-->[com.google.android.gms:play-services-measurement:17.2.2] AndroidManifest.xml:30:13-85
126            android:enabled="true"
126-->[com.google.android.gms:play-services-measurement:17.2.2] AndroidManifest.xml:31:13-35
127            android:exported="false" >
127-->[com.google.android.gms:play-services-measurement:17.2.2] AndroidManifest.xml:32:13-37
128        </receiver>
129        <receiver
129-->[com.google.android.gms:play-services-measurement:17.2.2] AndroidManifest.xml:34:9-42:20
130            android:name="com.google.android.gms.measurement.AppMeasurementInstallReferrerReceiver"
130-->[com.google.android.gms:play-services-measurement:17.2.2] AndroidManifest.xml:35:13-100
131            android:enabled="true"
131-->[com.google.android.gms:play-services-measurement:17.2.2] AndroidManifest.xml:36:13-35
132            android:exported="true"
132-->[com.google.android.gms:play-services-measurement:17.2.2] AndroidManifest.xml:37:13-36
133            android:permission="android.permission.INSTALL_PACKAGES" >
133-->[com.google.android.gms:play-services-measurement:17.2.2] AndroidManifest.xml:38:13-69
134            <intent-filter>
134-->[com.google.android.gms:play-services-measurement:17.2.2] AndroidManifest.xml:39:13-41:29
135                <action android:name="com.android.vending.INSTALL_REFERRER" />
135-->[com.google.android.gms:play-services-measurement:17.2.2] AndroidManifest.xml:40:17-79
135-->[com.google.android.gms:play-services-measurement:17.2.2] AndroidManifest.xml:40:25-76
136            </intent-filter>
137        </receiver>
138
139        <service
139-->[com.google.android.gms:play-services-measurement:17.2.2] AndroidManifest.xml:44:9-47:40
140            android:name="com.google.android.gms.measurement.AppMeasurementService"
140-->[com.google.android.gms:play-services-measurement:17.2.2] AndroidManifest.xml:45:13-84
141            android:enabled="true"
141-->[com.google.android.gms:play-services-measurement:17.2.2] AndroidManifest.xml:46:13-35
142            android:exported="false" />
142-->[com.google.android.gms:play-services-measurement:17.2.2] AndroidManifest.xml:47:13-37
143        <service
143-->[com.google.android.gms:play-services-measurement:17.2.2] AndroidManifest.xml:48:9-52:72
144            android:name="com.google.android.gms.measurement.AppMeasurementJobService"
144-->[com.google.android.gms:play-services-measurement:17.2.2] AndroidManifest.xml:49:13-87
145            android:enabled="true"
145-->[com.google.android.gms:play-services-measurement:17.2.2] AndroidManifest.xml:50:13-35
146            android:exported="false"
146-->[com.google.android.gms:play-services-measurement:17.2.2] AndroidManifest.xml:51:13-37
147            android:permission="android.permission.BIND_JOB_SERVICE" />
147-->[com.google.android.gms:play-services-measurement:17.2.2] AndroidManifest.xml:52:13-69
148
149        <receiver
149-->[com.google.firebase:firebase-iid:20.0.2] AndroidManifest.xml:37:9-44:20
150            android:name="com.google.firebase.iid.FirebaseInstanceIdReceiver"
150-->[com.google.firebase:firebase-iid:20.0.2] AndroidManifest.xml:38:13-78
151            android:exported="true"
151-->[com.google.firebase:firebase-iid:20.0.2] AndroidManifest.xml:39:13-36
152            android:permission="com.google.android.c2dm.permission.SEND" >
152-->[com.google.firebase:firebase-iid:20.0.2] AndroidManifest.xml:40:13-73
153            <intent-filter>
153-->[com.google.firebase:firebase-iid:20.0.2] AndroidManifest.xml:41:13-43:29
154                <action android:name="com.google.android.c2dm.intent.RECEIVE" />
154-->[com.google.firebase:firebase-iid:20.0.2] AndroidManifest.xml:42:17-81
154-->[com.google.firebase:firebase-iid:20.0.2] AndroidManifest.xml:42:25-78
155            </intent-filter>
156        </receiver>
157
158        <provider
158-->[com.google.firebase:firebase-common:19.3.0] AndroidManifest.xml:26:9-30:39
159            android:name="com.google.firebase.provider.FirebaseInitProvider"
159-->[com.google.firebase:firebase-common:19.3.0] AndroidManifest.xml:27:13-77
160            android:authorities="com.caleb.will.pi_gerente.firebaseinitprovider"
160-->[com.google.firebase:firebase-common:19.3.0] AndroidManifest.xml:28:13-72
161            android:exported="false"
161-->[com.google.firebase:firebase-common:19.3.0] AndroidManifest.xml:29:13-37
162            android:initOrder="100" />
162-->[com.google.firebase:firebase-common:19.3.0] AndroidManifest.xml:30:13-36
163
164        <activity
164-->[com.google.android.gms:play-services-base:17.1.0] AndroidManifest.xml:23:9-26:75
165            android:name="com.google.android.gms.common.api.GoogleApiActivity"
165-->[com.google.android.gms:play-services-base:17.1.0] AndroidManifest.xml:24:13-79
166            android:exported="false"
166-->[com.google.android.gms:play-services-base:17.1.0] AndroidManifest.xml:25:13-37
167            android:theme="@android:style/Theme.Translucent.NoTitleBar" />
167-->[com.google.android.gms:play-services-base:17.1.0] AndroidManifest.xml:26:13-72
168
169        <meta-data
169-->[com.google.android.gms:play-services-basement:17.0.0] AndroidManifest.xml:23:9-25:69
170            android:name="com.google.android.gms.version"
170-->[com.google.android.gms:play-services-basement:17.0.0] AndroidManifest.xml:24:13-58
171            android:value="@integer/google_play_services_version" />
171-->[com.google.android.gms:play-services-basement:17.0.0] AndroidManifest.xml:25:13-66
172    </application>
173
174</manifest>